<?xml version="1.0" encoding="UTF-8"?>
<testng-results ignored="0" total="1" passed="1" failed="0" skipped="0">
  <reporter-output>
  </reporter-output>
  <suite started-at="2025-10-17T12:16:41 IST" name="Default suite" finished-at="2025-10-17T12:16:49 IST" duration-ms="8607">
    <groups>
    </groups>
    <test started-at="2025-10-17T12:16:41 IST" name="Default test" finished-at="2025-10-17T12:16:49 IST" duration-ms="8607">
      <class name="test.RegistrationTest">
        <test-method is-config="true" signature="setup()[pri:0, instance:test.RegistrationTest@4e3958e7]" started-at="2025-10-17T12:16:41 IST" name="setup" finished-at="2025-10-17T12:16:44 IST" duration-ms="2885" status="PASS">
          <reporter-output>
          </reporter-output>
        </test-method> <!-- setup -->
        <test-method signature="testSmartDataRegistration()[pri:0, instance:test.RegistrationTest@4e3958e7]" started-at="2025-10-17T12:16:44 IST" name="testSmartDataRegistration" finished-at="2025-10-17T12:16:49 IST" duration-ms="5221" status="PASS">
          <reporter-output>
          </reporter-output>
        </test-method> <!-- testSmartDataRegistration -->
        <test-method is-config="true" signature="tearDown()[pri:0, instance:test.RegistrationTest@4e3958e7]" started-at="2025-10-17T12:16:49 IST" name="tearDown" finished-at="2025-10-17T12:16:49 IST" duration-ms="429" status="PASS">
          <reporter-output>
          </reporter-output>
        </test-method> <!-- tearDown -->
      </class> <!-- test.RegistrationTest -->
    </test> <!-- Default test -->
  </suite> <!-- Default suite -->
</testng-results>
